build/app/intermediates/manifest_merge_blame_file/release/manifest-merger-blame-release-report.txt
1<?xml version="1.0" encoding="utf-8"?>
2<manifest xmlns:android="http://schemas.android.com/apk/res/android"
3    package="com.example.flutter_firebase_crud_app"
4    android:versionCode="1"
5    android:versionName="1.0.0" >
6
7    <uses-sdk
8        android:minSdkVersion="19"
8-->src/main/AndroidManifest.xml
9        android:targetSdkVersion="30" />
9-->src/main/AndroidManifest.xml
10
11    <uses-permission android:name="android.permission.INTERNET" /> <!-- Although the *SdkVersion is captured in gradle build files, this is required for non gradle builds -->
11-->[:google_sign_in] AndroidManifest.xml:7:5-67
11-->[:google_sign_in] AndroidManifest.xml:7:22-64
12    <!-- <uses-sdk android:minSdkVersion="14" /> -->
13    <uses-permission android:name="android.permission.ACCESS_NETWORK_STATE" />
13-->[com.google.firebase:firebase-firestore:21.7.1] AndroidManifest.xml:13:5-79
13-->[com.google.firebase:firebase-firestore:21.7.1] AndroidManifest.xml:13:22-76
14    <uses-permission android:name="android.permission.WAKE_LOCK" />
14-->[com.google.android.gms:play-services-measurement-api:17.6.0] AndroidManifest.xml:24:5-68
14-->[com.google.android.gms:play-services-measurement-api:17.6.0] AndroidManifest.xml:24:22-65
15    <uses-permission android:name="com.google.android.finsky.permission.BIND_GET_INSTALL_REFERRER_SERVICE" />
15-->[com.google.android.gms:play-services-measurement:17.6.0] AndroidManifest.xml:26:5-110
15-->[com.google.android.gms:play-services-measurement:17.6.0] AndroidManifest.xml:26:22-107
16    <!--
17 io.flutter.app.FlutterApplication is an android.app.Application that
18         calls FlutterMain.startInitialization(this); in its onCreate method.
19         In most cases you can leave this as-is, but you if you want to provide
20         additional functionality it is fine to subclass or reimplement
21         FlutterApplication and put your custom class here.
22    -->
23    <application
23-->src/main/AndroidManifest.xml:9:5-35:19
24        android:name="androidx.multidex.MultiDexApplication"
25        android:appComponentFactory="androidx.core.app.CoreComponentFactory"
25-->[androidx.core:core:1.1.0] AndroidManifest.xml:24:18-86
26        android:icon="@mipmap/as"
26-->src/main/AndroidManifest.xml:11:9-34
27        android:label="ToDo_flutter" >
27-->src/main/AndroidManifest.xml:10:9-37
28        <activity
28-->src/main/AndroidManifest.xml:12:9-31:20
29            android:name="com.example.flutter_firebase_crud_app.MainActivity"
29-->src/main/AndroidManifest.xml:13:13-41
30            android:configChanges="orientation|keyboardHidden|keyboard|screenSize|locale|layoutDirection|fontScale|screenLayout|density|uiMode"
30-->src/main/AndroidManifest.xml:16:13-144
31            android:hardwareAccelerated="true"
31-->src/main/AndroidManifest.xml:17:13-47
32            android:launchMode="singleTop"
32-->src/main/AndroidManifest.xml:14:13-43
33            android:theme="@style/LaunchTheme"
33-->src/main/AndroidManifest.xml:15:13-47
34            android:windowSoftInputMode="adjustResize" >
34-->src/main/AndroidManifest.xml:18:13-55
35            <meta-data
35-->src/main/AndroidManifest.xml:19:13-22:17
36                android:name="io.flutter.embedding.android.NormalTheme"
36-->src/main/AndroidManifest.xml:20:15-70
37                android:resource="@style/NormalTheme" />
37-->src/main/AndroidManifest.xml:21:15-52
38            <meta-data
38-->src/main/AndroidManifest.xml:23:13-26:15
39                android:name="io.flutter.embedding.android.SplashScreenDrawable"
39-->src/main/AndroidManifest.xml:24:15-79
40                android:resource="@drawable/launch_background" />
40-->src/main/AndroidManifest.xml:25:15-61
41
42            <intent-filter>
42-->src/main/AndroidManifest.xml:27:13-30:29
43                <action android:name="android.intent.action.MAIN" />
43-->src/main/AndroidManifest.xml:28:17-68
43-->src/main/AndroidManifest.xml:28:25-66
44
45                <category android:name="android.intent.category.LAUNCHER" />
45-->src/main/AndroidManifest.xml:29:17-76
45-->src/main/AndroidManifest.xml:29:27-74
46            </intent-filter>
47        </activity>
48
49        <meta-data
49-->src/main/AndroidManifest.xml:32:9-34:33
50            android:name="flutterEmbedding"
50-->src/main/AndroidManifest.xml:33:13-44
51            android:value="2" />
51-->src/main/AndroidManifest.xml:34:13-30
52
53        <service
53-->[:firebase_auth] AndroidManifest.xml:8:9-12:19
54            android:name="com.google.firebase.components.ComponentDiscoveryService"
54-->[:firebase_auth] AndroidManifest.xml:8:18-89
55            android:directBootAware="true"
55-->[com.google.firebase:firebase-common:19.3.1] AndroidManifest.xml:35:13-43
56            android:exported="false" >
56-->[com.google.firebase:firebase-firestore:21.7.1] AndroidManifest.xml:19:13-37
57            <meta-data
57-->[:firebase_auth] AndroidManifest.xml:9:13-11:85
58                android:name="com.google.firebase.components:io.flutter.plugins.firebase.auth.FlutterFirebaseAuthRegistrar"
58-->[:firebase_auth] AndroidManifest.xml:10:17-124
59                android:value="com.google.firebase.components.ComponentRegistrar" />
59-->[:firebase_auth] AndroidManifest.xml:11:17-82
60            <meta-data
60-->[:cloud_firestore] AndroidManifest.xml:9:13-11:85
61                android:name="com.google.firebase.components:io.flutter.plugins.firebase.firestore.FlutterFirebaseFirestoreRegistrar"
61-->[:cloud_firestore] AndroidManifest.xml:10:17-134
62                android:value="com.google.firebase.components.ComponentRegistrar" />
62-->[:cloud_firestore] AndroidManifest.xml:11:17-82
63            <meta-data
63-->[:firebase_core] AndroidManifest.xml:9:13-11:85
64                android:name="com.google.firebase.components:io.flutter.plugins.firebase.core.FlutterFirebaseCoreRegistrar"
64-->[:firebase_core] AndroidManifest.xml:10:17-124
65                android:value="com.google.firebase.components.ComponentRegistrar" />
65-->[:firebase_core] AndroidManifest.xml:11:17-82
66            <meta-data
66-->[com.google.firebase:firebase-firestore:21.7.1] AndroidManifest.xml:20:13-22:85
67                android:name="com.google.firebase.components:com.google.firebase.firestore.FirestoreRegistrar"
67-->[com.google.firebase:firebase-firestore:21.7.1] AndroidManifest.xml:21:17-111
68                android:value="com.google.firebase.components.ComponentRegistrar" />
68-->[com.google.firebase:firebase-firestore:21.7.1] AndroidManifest.xml:22:17-82
69            <meta-data
69-->[com.google.firebase:firebase-auth:19.4.0] AndroidManifest.xml:36:13-38:85
70                android:name="com.google.firebase.components:com.google.firebase.auth.FirebaseAuthRegistrar"
70-->[com.google.firebase:firebase-auth:19.4.0] AndroidManifest.xml:37:17-109
71                android:value="com.google.firebase.components.ComponentRegistrar" />
71-->[com.google.firebase:firebase-auth:19.4.0] AndroidManifest.xml:38:17-82
72            <meta-data
72-->[com.google.android.gms:play-services-measurement-api:17.6.0] AndroidManifest.xml:30:13-32:85
73                android:name="com.google.firebase.components:com.google.firebase.analytics.connector.internal.AnalyticsConnectorRegistrar"
73-->[com.google.android.gms:play-services-measurement-api:17.6.0] AndroidManifest.xml:31:17-139
74                android:value="com.google.firebase.components.ComponentRegistrar" />
74-->[com.google.android.gms:play-services-measurement-api:17.6.0] AndroidManifest.xml:32:17-82
75            <meta-data
75-->[com.google.firebase:firebase-installations:16.3.2] AndroidManifest.xml:17:13-19:85
76                android:name="com.google.firebase.components:com.google.firebase.installations.FirebaseInstallationsRegistrar"
76-->[com.google.firebase:firebase-installations:16.3.2] AndroidManifest.xml:18:17-127
77                android:value="com.google.firebase.components.ComponentRegistrar" />
77-->[com.google.firebase:firebase-installations:16.3.2] AndroidManifest.xml:19:17-82
78        </service>
79
80        <activity
80-->[com.google.firebase:firebase-auth:19.4.0] AndroidManifest.xml:24:9-31:50
81            android:name="com.google.firebase.auth.internal.FederatedSignInActivity"
81-->[com.google.firebase:firebase-auth:19.4.0] AndroidManifest.xml:25:13-85
82            android:excludeFromRecents="true"
82-->[com.google.firebase:firebase-auth:19.4.0] AndroidManifest.xml:26:13-46
83            android:exported="true"
83-->[com.google.firebase:firebase-auth:19.4.0] AndroidManifest.xml:27:13-36
84            android:launchMode="singleTask"
84-->[com.google.firebase:firebase-auth:19.4.0] AndroidManifest.xml:28:13-44
85            android:permission="com.google.firebase.auth.api.gms.permission.LAUNCH_FEDERATED_SIGN_IN"
85-->[com.google.firebase:firebase-auth:19.4.0] AndroidManifest.xml:29:13-102
86            android:theme="@android:style/Theme.Translucent.NoTitleBar" />
86-->[com.google.firebase:firebase-auth:19.4.0] AndroidManifest.xml:30:13-72
87        <activity
87-->[com.google.android.gms:play-services-auth:16.0.1] AndroidManifest.xml:23:9-27:75
88            android:name="com.google.android.gms.auth.api.signin.internal.SignInHubActivity"
88-->[com.google.android.gms:play-services-auth:16.0.1] AndroidManifest.xml:24:13-93
89            android:excludeFromRecents="true"
89-->[com.google.android.gms:play-services-auth:16.0.1] AndroidManifest.xml:25:13-46
90            android:exported="false"
90-->[com.google.android.gms:play-services-auth:16.0.1] AndroidManifest.xml:26:13-37
91            android:theme="@android:style/Theme.Translucent.NoTitleBar" />
91-->[com.google.android.gms:play-services-auth:16.0.1] AndroidManifest.xml:27:13-72
92        <!--
93            Service handling Google Sign-In user revocation. For apps that do not integrate with
94            Google Sign-In, this service will never be started.
95        -->
96        <service
96-->[com.google.android.gms:play-services-auth:16.0.1] AndroidManifest.xml:33:9-36:110
97            android:name="com.google.android.gms.auth.api.signin.RevocationBoundService"
97-->[com.google.android.gms:play-services-auth:16.0.1] AndroidManifest.xml:34:13-89
98            android:exported="true"
98-->[com.google.android.gms:play-services-auth:16.0.1] AndroidManifest.xml:35:13-36
99            android:permission="com.google.android.gms.auth.api.signin.permission.REVOCATION_NOTIFICATION" />
99-->[com.google.android.gms:play-services-auth:16.0.1] AndroidManifest.xml:36:13-107
100
101        <activity
101-->[com.google.android.gms:play-services-base:17.1.0] AndroidManifest.xml:23:9-26:75
102            android:name="com.google.android.gms.common.api.GoogleApiActivity"
102-->[com.google.android.gms:play-services-base:17.1.0] AndroidManifest.xml:24:13-79
103            android:exported="false"
103-->[com.google.android.gms:play-services-base:17.1.0] AndroidManifest.xml:25:13-37
104            android:theme="@android:style/Theme.Translucent.NoTitleBar" />
104-->[com.google.android.gms:play-services-base:17.1.0] AndroidManifest.xml:26:13-72
105
106        <provider
106-->[com.google.firebase:firebase-common:19.3.1] AndroidManifest.xml:26:9-31:39
107            android:name="com.google.firebase.provider.FirebaseInitProvider"
107-->[com.google.firebase:firebase-common:19.3.1] AndroidManifest.xml:27:13-77
108            android:authorities="com.example.flutter_firebase_crud_app.firebaseinitprovider"
108-->[com.google.firebase:firebase-common:19.3.1] AndroidManifest.xml:28:13-72
109            android:directBootAware="true"
109-->[com.google.firebase:firebase-common:19.3.1] AndroidManifest.xml:29:13-43
110            android:exported="false"
110-->[com.google.firebase:firebase-common:19.3.1] AndroidManifest.xml:30:13-37
111            android:initOrder="100" />
111-->[com.google.firebase:firebase-common:19.3.1] AndroidManifest.xml:31:13-36
112
113        <receiver
113-->[com.google.android.gms:play-services-measurement:17.6.0] AndroidManifest.xml:29:9-33:20
114            android:name="com.google.android.gms.measurement.AppMeasurementReceiver"
114-->[com.google.android.gms:play-services-measurement:17.6.0] AndroidManifest.xml:30:13-85
115            android:enabled="true"
115-->[com.google.android.gms:play-services-measurement:17.6.0] AndroidManifest.xml:31:13-35
116            android:exported="false" >
116-->[com.google.android.gms:play-services-measurement:17.6.0] AndroidManifest.xml:32:13-37
117        </receiver>
118
119        <service
119-->[com.google.android.gms:play-services-measurement:17.6.0] AndroidManifest.xml:35:9-38:40
120            android:name="com.google.android.gms.measurement.AppMeasurementService"
120-->[com.google.android.gms:play-services-measurement:17.6.0] AndroidManifest.xml:36:13-84
121            android:enabled="true"
121-->[com.google.android.gms:play-services-measurement:17.6.0] AndroidManifest.xml:37:13-35
122            android:exported="false" />
122-->[com.google.android.gms:play-services-measurement:17.6.0] AndroidManifest.xml:38:13-37
123        <service
123-->[com.google.android.gms:play-services-measurement:17.6.0] AndroidManifest.xml:39:9-43:72
124            android:name="com.google.android.gms.measurement.AppMeasurementJobService"
124-->[com.google.android.gms:play-services-measurement:17.6.0] AndroidManifest.xml:40:13-87
125            android:enabled="true"
125-->[com.google.android.gms:play-services-measurement:17.6.0] AndroidManifest.xml:41:13-35
126            android:exported="false"
126-->[com.google.android.gms:play-services-measurement:17.6.0] AndroidManifest.xml:42:13-37
127            android:permission="android.permission.BIND_JOB_SERVICE" />
127-->[com.google.android.gms:play-services-measurement:17.6.0] AndroidManifest.xml:43:13-69
128
129        <meta-data
129-->[com.google.android.gms:play-services-basement:17.0.0] AndroidManifest.xml:23:9-25:69
130            android:name="com.google.android.gms.version"
130-->[com.google.android.gms:play-services-basement:17.0.0] AndroidManifest.xml:24:13-58
131            android:value="@integer/google_play_services_version" />
131-->[com.google.android.gms:play-services-basement:17.0.0] AndroidManifest.xml:25:13-66
132    </application>
133
134</manifest>